<?xml version="1.0" encoding="UTF-8"?>
<testng-results ignored="0" total="1" passed="1" failed="0" skipped="0">
  <reporter-output>
  </reporter-output>
  <suite started-at="2024-09-02T13:06:40 IST" name="Default suite" finished-at="2024-09-02T13:07:40 IST" duration-ms="60507">
    <groups>
    </groups>
    <test started-at="2024-09-02T13:06:40 IST" name="Default test" finished-at="2024-09-02T13:07:40 IST" duration-ms="60507">
      <class name="Test.FinalTest">
        <test-method is-config="true" signature="setup()[pri:0, instance:Test.FinalTest@5f049ea1]" started-at="2024-09-02T13:06:40 IST" name="setup" finished-at="2024-09-02T13:06:46 IST" duration-ms="6271" status="PASS">
          <reporter-output>
          </reporter-output>
        </test-method> <!-- setup -->
        <test-method signature="Runnertest()[pri:0, instance:Test.FinalTest@5f049ea1]" started-at="2024-09-02T13:06:46 IST" name="Runnertest" finished-at="2024-09-02T13:07:40 IST" duration-ms="53386" status="PASS">
          <reporter-output>
          </reporter-output>
        </test-method> <!-- Runnertest -->
        <test-method is-config="true" signature="teardown()[pri:0, instance:Test.FinalTest@5f049ea1]" started-at="2024-09-02T13:07:40 IST" name="teardown" finished-at="2024-09-02T13:07:40 IST" duration-ms="748" status="PASS">
          <reporter-output>
          </reporter-output>
        </test-method> <!-- teardown -->
      </class> <!-- Test.FinalTest -->
    </test> <!-- Default test -->
  </suite> <!-- Default suite -->
</testng-results>
